<?xml version="1.0" encoding="UTF-8"?>
<!-- Generated by org.testng.reporters.JUnitReportReporter -->
<testsuite hostname="DESKTOP-NA72I3K" failures="0" tests="1" name="scripts.Testcase2" time="6.743" errors="0" timestamp="2023-10-27T18:40:49 IST" skipped="0">
  <testcase classname="scripts.Testcase2" name="tc2" time="6.743"/>
</testsuite> <!-- scripts.Testcase2 -->
