<?xml version="1.0" encoding="UTF-8"?>
<!-- Generated by org.testng.reporters.JUnitReportReporter -->
<testsuite hostname="DESKTOP-NA72I3K" failures="0" tests="1" name="scripts.TestCase1" time="13.359" errors="0" timestamp="2023-10-27T18:40:34 IST" skipped="0">
  <testcase classname="scripts.TestCase1" name="tc1" time="13.359"/>
</testsuite> <!-- scripts.TestCase1 -->
